<?xml version="1.0" encoding="UTF-8"?>
<coverage generated="1762117651">
  <project timestamp="1762117651" name="Clover Coverage">
    <package name="App\Http\Controllers\Api\v2">
      <file name="C:\Users\alexp\source\repos\jokes-api-2025-s2\app\Http\Controllers\Api\v2\AuthController.php">
        <class name="App\Http\Controllers\Api\v2\AuthController" namespace="App\Http\Controllers\Api\v2">
          <metrics complexity="42" methods="10" coveredmethods="7" conditionals="0" coveredconditionals="0" statements="218" coveredstatements="169" elements="228" coveredelements="176"/>
        </class>
        <line num="35" type="method" name="register" visibility="public" complexity="2" crap="2" count="5"/>
        <line num="38" type="stmt" count="5"/>
        <line num="39" type="stmt" count="5"/>
        <line num="40" type="stmt" count="5"/>
        <line num="41" type="stmt" count="5"/>
        <line num="42" type="stmt" count="5"/>
        <line num="43" type="stmt" count="5"/>
        <line num="44" type="stmt" count="5"/>
        <line num="45" type="stmt" count="5"/>
        <line num="46" type="stmt" count="5"/>
        <line num="48" type="stmt" count="5"/>
        <line num="49" type="stmt" count="4"/>
        <line num="50" type="stmt" count="4"/>
        <line num="51" type="stmt" count="4"/>
        <line num="52" type="stmt" count="4"/>
        <line num="53" type="stmt" count="4"/>
        <line num="56" type="stmt" count="1"/>
        <line num="57" type="stmt" count="1"/>
        <line num="58" type="stmt" count="1"/>
        <line num="59" type="stmt" count="1"/>
        <line num="60" type="stmt" count="1"/>
        <line num="61" type="stmt" count="1"/>
        <line num="62" type="stmt" count="1"/>
        <line num="64" type="stmt" count="1"/>
        <line num="66" type="stmt" count="1"/>
        <line num="67" type="stmt" count="1"/>
        <line num="68" type="stmt" count="1"/>
        <line num="69" type="stmt" count="1"/>
        <line num="70" type="stmt" count="1"/>
        <line num="71" type="stmt" count="1"/>
        <line num="72" type="stmt" count="1"/>
        <line num="73" type="stmt" count="1"/>
        <line num="85" type="method" name="login" visibility="public" complexity="3" crap="3" count="5"/>
        <line num="92" type="stmt" count="5"/>
        <line num="93" type="stmt" count="5"/>
        <line num="94" type="stmt" count="5"/>
        <line num="95" type="stmt" count="5"/>
        <line num="97" type="stmt" count="5"/>
        <line num="98" type="stmt" count="2"/>
        <line num="99" type="stmt" count="2"/>
        <line num="100" type="stmt" count="2"/>
        <line num="101" type="stmt" count="2"/>
        <line num="102" type="stmt" count="2"/>
        <line num="103" type="stmt" count="2"/>
        <line num="104" type="stmt" count="2"/>
        <line num="107" type="stmt" count="3"/>
        <line num="108" type="stmt" count="2"/>
        <line num="109" type="stmt" count="2"/>
        <line num="110" type="stmt" count="2"/>
        <line num="111" type="stmt" count="2"/>
        <line num="114" type="stmt" count="1"/>
        <line num="115" type="stmt" count="1"/>
        <line num="117" type="stmt" count="1"/>
        <line num="118" type="stmt" count="1"/>
        <line num="119" type="stmt" count="1"/>
        <line num="120" type="stmt" count="1"/>
        <line num="121" type="stmt" count="1"/>
        <line num="122" type="stmt" count="1"/>
        <line num="123" type="stmt" count="1"/>
        <line num="139" type="method" name="profile" visibility="public" complexity="1" crap="1" count="1"/>
        <line num="141" type="stmt" count="1"/>
        <line num="142" type="stmt" count="1"/>
        <line num="143" type="stmt" count="1"/>
        <line num="144" type="stmt" count="1"/>
        <line num="145" type="stmt" count="1"/>
        <line num="146" type="stmt" count="1"/>
        <line num="157" type="method" name="logout" visibility="public" complexity="1" crap="1" count="2"/>
        <line num="159" type="stmt" count="2"/>
        <line num="161" type="stmt" count="2"/>
        <line num="162" type="stmt" count="2"/>
        <line num="163" type="stmt" count="2"/>
        <line num="164" type="stmt" count="2"/>
        <line num="167" type="method" name="forgotPassword" visibility="public" complexity="2" crap="2" count="4"/>
        <line num="169" type="stmt" count="4"/>
        <line num="170" type="stmt" count="4"/>
        <line num="171" type="stmt" count="4"/>
        <line num="173" type="stmt" count="4"/>
        <line num="174" type="stmt" count="2"/>
        <line num="175" type="stmt" count="2"/>
        <line num="176" type="stmt" count="2"/>
        <line num="177" type="stmt" count="2"/>
        <line num="178" type="stmt" count="2"/>
        <line num="181" type="stmt" count="2"/>
        <line num="184" type="stmt" count="2"/>
        <line num="187" type="stmt" count="2"/>
        <line num="188" type="stmt" count="2"/>
        <line num="189" type="stmt" count="2"/>
        <line num="190" type="stmt" count="2"/>
        <line num="191" type="stmt" count="2"/>
        <line num="194" type="method" name="resetPassword" visibility="public" complexity="4" crap="4" count="5"/>
        <line num="196" type="stmt" count="5"/>
        <line num="197" type="stmt" count="5"/>
        <line num="198" type="stmt" count="5"/>
        <line num="199" type="stmt" count="5"/>
        <line num="200" type="stmt" count="5"/>
        <line num="202" type="stmt" count="5"/>
        <line num="203" type="stmt" count="2"/>
        <line num="204" type="stmt" count="2"/>
        <line num="205" type="stmt" count="2"/>
        <line num="206" type="stmt" count="2"/>
        <line num="207" type="stmt" count="2"/>
        <line num="208" type="stmt" count="2"/>
        <line num="209" type="stmt" count="2"/>
        <line num="212" type="stmt" count="3"/>
        <line num="213" type="stmt" count="3"/>
        <line num="215" type="stmt" count="3"/>
        <line num="216" type="stmt" count="1"/>
        <line num="217" type="stmt" count="1"/>
        <line num="218" type="stmt" count="1"/>
        <line num="219" type="stmt" count="1"/>
        <line num="220" type="stmt" count="1"/>
        <line num="223" type="stmt" count="2"/>
        <line num="224" type="stmt" count="1"/>
        <line num="225" type="stmt" count="1"/>
        <line num="226" type="stmt" count="1"/>
        <line num="227" type="stmt" count="1"/>
        <line num="228" type="stmt" count="1"/>
        <line num="231" type="stmt" count="1"/>
        <line num="232" type="stmt" count="1"/>
        <line num="233" type="stmt" count="1"/>
        <line num="235" type="stmt" count="1"/>
        <line num="237" type="stmt" count="1"/>
        <line num="238" type="stmt" count="1"/>
        <line num="239" type="stmt" count="1"/>
        <line num="240" type="stmt" count="1"/>
        <line num="241" type="stmt" count="1"/>
        <line num="244" type="method" name="resetPasswordForUser" visibility="public" complexity="9" crap="25.08" count="1"/>
        <line num="246" type="stmt" count="1"/>
        <line num="248" type="stmt" count="1"/>
        <line num="249" type="stmt" count="0"/>
        <line num="252" type="stmt" count="1"/>
        <line num="254" type="stmt" count="1"/>
        <line num="255" type="stmt" count="0"/>
        <line num="259" type="stmt" count="1"/>
        <line num="260" type="stmt" count="0"/>
        <line num="261" type="stmt" count="0"/>
        <line num="262" type="stmt" count="0"/>
        <line num="263" type="stmt" count="0"/>
        <line num="264" type="stmt" count="0"/>
        <line num="265" type="stmt" count="0"/>
        <line num="268" type="stmt" count="1"/>
        <line num="269" type="stmt" count="1"/>
        <line num="270" type="stmt" count="0"/>
        <line num="271" type="stmt" count="0"/>
        <line num="272" type="stmt" count="0"/>
        <line num="273" type="stmt" count="0"/>
        <line num="274" type="stmt" count="0"/>
        <line num="279" type="stmt" count="1"/>
        <line num="281" type="stmt" count="1"/>
        <line num="282" type="stmt" count="1"/>
        <line num="285" type="stmt" count="0"/>
        <line num="288" type="method" name="forceLogoutUser" visibility="public" complexity="8" crap="16.00" count="1"/>
        <line num="290" type="stmt" count="1"/>
        <line num="292" type="stmt" count="1"/>
        <line num="293" type="stmt" count="0"/>
        <line num="296" type="stmt" count="1"/>
        <line num="298" type="stmt" count="1"/>
        <line num="299" type="stmt" count="0"/>
        <line num="302" type="stmt" count="1"/>
        <line num="303" type="stmt" count="0"/>
        <line num="304" type="stmt" count="0"/>
        <line num="305" type="stmt" count="0"/>
        <line num="306" type="stmt" count="0"/>
        <line num="307" type="stmt" count="0"/>
        <line num="308" type="stmt" count="0"/>
        <line num="311" type="stmt" count="1"/>
        <line num="312" type="stmt" count="1"/>
        <line num="313" type="stmt" count="0"/>
        <line num="314" type="stmt" count="0"/>
        <line num="315" type="stmt" count="0"/>
        <line num="316" type="stmt" count="0"/>
        <line num="317" type="stmt" count="0"/>
        <line num="321" type="stmt" count="1"/>
        <line num="323" type="stmt" count="1"/>
        <line num="324" type="stmt" count="1"/>
        <line num="325" type="stmt" count="1"/>
        <line num="326" type="stmt" count="1"/>
        <line num="327" type="stmt" count="1"/>
        <line num="331" type="method" name="forceLogoutRole" visibility="public" complexity="10" crap="29.41" count="1"/>
        <line num="333" type="stmt" count="1"/>
        <line num="335" type="stmt" count="1"/>
        <line num="336" type="stmt" count="0"/>
        <line num="337" type="stmt" count="0"/>
        <line num="338" type="stmt" count="0"/>
        <line num="339" type="stmt" count="0"/>
        <line num="340" type="stmt" count="0"/>
        <line num="343" type="stmt" count="1"/>
        <line num="345" type="stmt" count="1"/>
        <line num="346" type="stmt" count="0"/>
        <line num="349" type="stmt" count="1"/>
        <line num="350" type="stmt" count="0"/>
        <line num="351" type="stmt" count="0"/>
        <line num="352" type="stmt" count="0"/>
        <line num="353" type="stmt" count="0"/>
        <line num="354" type="stmt" count="0"/>
        <line num="355" type="stmt" count="0"/>
        <line num="358" type="stmt" count="1"/>
        <line num="359" type="stmt" count="1"/>
        <line num="360" type="stmt" count="0"/>
        <line num="361" type="stmt" count="0"/>
        <line num="362" type="stmt" count="0"/>
        <line num="363" type="stmt" count="0"/>
        <line num="364" type="stmt" count="0"/>
        <line num="368" type="stmt" count="1"/>
        <line num="370" type="stmt" count="1"/>
        <line num="371" type="stmt" count="0"/>
        <line num="372" type="stmt" count="0"/>
        <line num="373" type="stmt" count="0"/>
        <line num="374" type="stmt" count="0"/>
        <line num="375" type="stmt" count="0"/>
        <line num="378" type="stmt" count="1"/>
        <line num="379" type="stmt" count="1"/>
        <line num="382" type="stmt" count="1"/>
        <line num="383" type="stmt" count="1"/>
        <line num="384" type="stmt" count="1"/>
        <line num="385" type="stmt" count="1"/>
        <line num="386" type="stmt" count="1"/>
        <line num="397" type="method" name="sendPasswordResetLink" visibility="private" complexity="2" crap="2" count="3"/>
        <line num="399" type="stmt" count="3"/>
        <line num="401" type="stmt" count="3"/>
        <line num="402" type="stmt" count="2"/>
        <line num="403" type="stmt" count="2"/>
        <line num="404" type="stmt" count="2"/>
        <line num="405" type="stmt" count="2"/>
        <line num="408" type="stmt" count="1"/>
        <line num="409" type="stmt" count="1"/>
        <line num="410" type="stmt" count="1"/>
        <line num="411" type="stmt" count="1"/>
        <metrics loc="415" ncloc="351" classes="1" methods="10" coveredmethods="7" conditionals="0" coveredconditionals="0" statements="218" coveredstatements="169" elements="228" coveredelements="176"/>
      </file>
      <file name="C:\Users\alexp\source\repos\jokes-api-2025-s2\app\Http\Controllers\Api\v2\CategoryController.php">
        <class name="App\Http\Controllers\Api\v2\CategoryController" namespace="App\Http\Controllers\Api\v2">
          <metrics complexity="22" methods="11" coveredmethods="3" conditionals="0" coveredconditionals="0" statements="71" coveredstatements="46" elements="82" coveredelements="49"/>
        </class>
        <line num="21" type="method" name="index" visibility="public" complexity="1" crap="1" count="1"/>
        <line num="23" type="stmt" count="1"/>
        <line num="25" type="stmt" count="1"/>
        <line num="26" type="stmt" count="1"/>
        <line num="35" type="method" name="store" visibility="public" complexity="1" crap="1" count="3"/>
        <line num="37" type="stmt" count="3"/>
        <line num="39" type="stmt" count="2"/>
        <line num="40" type="stmt" count="2"/>
        <line num="41" type="stmt" count="2"/>
        <line num="42" type="stmt" count="2"/>
        <line num="44" type="stmt" count="1"/>
        <line num="46" type="stmt" count="1"/>
        <line num="55" type="method" name="show" visibility="public" complexity="2" crap="2" count="2"/>
        <line num="57" type="stmt" count="2"/>
        <line num="59" type="stmt" count="2"/>
        <line num="61" type="stmt" count="2"/>
        <line num="62" type="stmt" count="1"/>
        <line num="65" type="stmt" count="1"/>
        <line num="67" type="stmt" count="1"/>
        <line num="68" type="stmt" count="1"/>
        <line num="69" type="stmt" count="1"/>
        <line num="70" type="stmt" count="1"/>
        <line num="80" type="method" name="update" visibility="public" complexity="2" crap="2.00" count="2"/>
        <line num="82" type="stmt" count="2"/>
        <line num="84" type="stmt" count="1"/>
        <line num="85" type="stmt" count="1"/>
        <line num="86" type="stmt" count="1"/>
        <line num="87" type="stmt" count="1"/>
        <line num="89" type="stmt" count="1"/>
        <line num="91" type="stmt" count="1"/>
        <line num="92" type="stmt" count="0"/>
        <line num="95" type="stmt" count="1"/>
        <line num="96" type="stmt" count="1"/>
        <line num="106" type="method" name="destroy" visibility="public" complexity="2" crap="2.02" count="1"/>
        <line num="108" type="stmt" count="1"/>
        <line num="110" type="stmt" count="1"/>
        <line num="112" type="stmt" count="1"/>
        <line num="113" type="stmt" count="0"/>
        <line num="115" type="stmt" count="1"/>
        <line num="116" type="stmt" count="1"/>
        <line num="125" type="method" name="trash" visibility="public" complexity="2" crap="2.03" count="1"/>
        <line num="127" type="stmt" count="1"/>
        <line num="129" type="stmt" count="1"/>
        <line num="130" type="stmt" count="1"/>
        <line num="131" type="stmt" count="0"/>
        <line num="133" type="stmt" count="1"/>
        <line num="141" type="method" name="recoverAll" visibility="public" complexity="3" crap="12" count="0"/>
        <line num="143" type="stmt" count="0"/>
        <line num="145" type="stmt" count="0"/>
        <line num="146" type="stmt" count="0"/>
        <line num="147" type="stmt" count="0"/>
        <line num="150" type="stmt" count="0"/>
        <line num="151" type="stmt" count="0"/>
        <line num="153" type="stmt" count="0"/>
        <line num="161" type="method" name="removeAll" visibility="public" complexity="3" crap="12" count="0"/>
        <line num="163" type="stmt" count="0"/>
        <line num="165" type="stmt" count="0"/>
        <line num="166" type="stmt" count="0"/>
        <line num="167" type="stmt" count="0"/>
        <line num="170" type="stmt" count="0"/>
        <line num="171" type="stmt" count="0"/>
        <line num="174" type="stmt" count="0"/>
        <line num="183" type="method" name="recoverOne" visibility="public" complexity="2" crap="2.02" count="1"/>
        <line num="185" type="stmt" count="1"/>
        <line num="187" type="stmt" count="1"/>
        <line num="189" type="stmt" count="1"/>
        <line num="190" type="stmt" count="0"/>
        <line num="192" type="stmt" count="1"/>
        <line num="193" type="stmt" count="1"/>
        <line num="202" type="method" name="removeOne" visibility="public" complexity="2" crap="6" count="0"/>
        <line num="204" type="stmt" count="0"/>
        <line num="206" type="stmt" count="0"/>
        <line num="208" type="stmt" count="0"/>
        <line num="209" type="stmt" count="0"/>
        <line num="211" type="stmt" count="0"/>
        <line num="212" type="stmt" count="0"/>
        <line num="222" type="method" name="search" visibility="public" complexity="2" crap="2.03" count="1"/>
        <line num="224" type="stmt" count="1"/>
        <line num="226" type="stmt" count="1"/>
        <line num="228" type="stmt" count="1"/>
        <line num="229" type="stmt" count="0"/>
        <line num="231" type="stmt" count="1"/>
        <metrics loc="235" ncloc="171" classes="1" methods="11" coveredmethods="3" conditionals="0" coveredconditionals="0" statements="71" coveredstatements="46" elements="82" coveredelements="49"/>
      </file>
      <file name="C:\Users\alexp\source\repos\jokes-api-2025-s2\app\Http\Controllers\Api\v2\JokeController.php">
        <class name="App\Http\Controllers\Api\v2\JokeController" namespace="App\Http\Controllers\Api\v2">
          <metrics complexity="40" methods="12" coveredmethods="1" conditionals="0" coveredconditionals="0" statements="133" coveredstatements="80" elements="145" coveredelements="81"/>
        </class>
        <line num="23" type="method" name="index" visibility="public" complexity="2" crap="2.35" count="1"/>
        <line num="25" type="stmt" count="1"/>
        <line num="27" type="stmt" count="1"/>
        <line num="29" type="stmt" count="1"/>
        <line num="30" type="stmt" count="0"/>
        <line num="31" type="stmt" count="0"/>
        <line num="32" type="stmt" count="0"/>
        <line num="33" type="stmt" count="0"/>
        <line num="36" type="stmt" count="1"/>
        <line num="39" type="stmt" count="1"/>
        <line num="48" type="method" name="store" visibility="public" complexity="1" crap="1" count="2"/>
        <line num="50" type="stmt" count="2"/>
        <line num="53" type="stmt" count="2"/>
        <line num="54" type="stmt" count="2"/>
        <line num="55" type="stmt" count="2"/>
        <line num="56" type="stmt" count="2"/>
        <line num="57" type="stmt" count="2"/>
        <line num="58" type="stmt" count="2"/>
        <line num="59" type="stmt" count="2"/>
        <line num="62" type="stmt" count="1"/>
        <line num="63" type="stmt" count="1"/>
        <line num="64" type="stmt" count="1"/>
        <line num="65" type="stmt" count="1"/>
        <line num="66" type="stmt" count="1"/>
        <line num="68" type="stmt" count="1"/>
        <line num="70" type="stmt" count="1"/>
        <line num="77" type="method" name="show" visibility="public" complexity="4" crap="5.57" count="2"/>
        <line num="79" type="stmt" count="2"/>
        <line num="81" type="stmt" count="2"/>
        <line num="83" type="stmt" count="2"/>
        <line num="85" type="stmt" count="2"/>
        <line num="86" type="stmt" count="1"/>
        <line num="89" type="stmt" count="1"/>
        <line num="90" type="stmt" count="0"/>
        <line num="91" type="stmt" count="0"/>
        <line num="92" type="stmt" count="0"/>
        <line num="93" type="stmt" count="0"/>
        <line num="95" type="stmt" count="0"/>
        <line num="96" type="stmt" count="0"/>
        <line num="100" type="stmt" count="1"/>
        <line num="110" type="method" name="update" visibility="public" complexity="2" crap="2.00" count="3"/>
        <line num="112" type="stmt" count="3"/>
        <line num="114" type="stmt" count="3"/>
        <line num="115" type="stmt" count="0"/>
        <line num="118" type="stmt" count="3"/>
        <line num="121" type="stmt" count="2"/>
        <line num="122" type="stmt" count="2"/>
        <line num="123" type="stmt" count="2"/>
        <line num="124" type="stmt" count="2"/>
        <line num="125" type="stmt" count="2"/>
        <line num="126" type="stmt" count="2"/>
        <line num="127" type="stmt" count="2"/>
        <line num="130" type="stmt" count="2"/>
        <line num="131" type="stmt" count="2"/>
        <line num="132" type="stmt" count="2"/>
        <line num="133" type="stmt" count="2"/>
        <line num="135" type="stmt" count="2"/>
        <line num="137" type="stmt" count="2"/>
        <line num="146" type="method" name="destroy" visibility="public" complexity="2" crap="2.02" count="2"/>
        <line num="148" type="stmt" count="2"/>
        <line num="150" type="stmt" count="2"/>
        <line num="151" type="stmt" count="0"/>
        <line num="153" type="stmt" count="2"/>
        <line num="155" type="stmt" count="2"/>
        <line num="156" type="stmt" count="2"/>
        <line num="165" type="method" name="trash" visibility="public" complexity="2" crap="2.03" count="1"/>
        <line num="167" type="stmt" count="1"/>
        <line num="169" type="stmt" count="1"/>
        <line num="170" type="stmt" count="1"/>
        <line num="171" type="stmt" count="0"/>
        <line num="174" type="stmt" count="1"/>
        <line num="182" type="method" name="recoverAll" visibility="public" complexity="9" crap="90" count="0"/>
        <line num="184" type="stmt" count="0"/>
        <line num="186" type="stmt" count="0"/>
        <line num="188" type="stmt" count="0"/>
        <line num="189" type="stmt" count="0"/>
        <line num="190" type="stmt" count="0"/>
        <line num="191" type="stmt" count="0"/>
        <line num="193" type="stmt" count="0"/>
        <line num="194" type="stmt" count="0"/>
        <line num="196" type="stmt" count="0"/>
        <line num="197" type="stmt" count="0"/>
        <line num="198" type="stmt" count="0"/>
        <line num="199" type="stmt" count="0"/>
        <line num="201" type="stmt" count="0"/>
        <line num="202" type="stmt" count="0"/>
        <line num="203" type="stmt" count="0"/>
        <line num="208" type="stmt" count="0"/>
        <line num="216" type="method" name="emptyAll" visibility="public" complexity="9" crap="90" count="0"/>
        <line num="218" type="stmt" count="0"/>
        <line num="220" type="stmt" count="0"/>
        <line num="222" type="stmt" count="0"/>
        <line num="223" type="stmt" count="0"/>
        <line num="224" type="stmt" count="0"/>
        <line num="225" type="stmt" count="0"/>
        <line num="227" type="stmt" count="0"/>
        <line num="228" type="stmt" count="0"/>
        <line num="230" type="stmt" count="0"/>
        <line num="231" type="stmt" count="0"/>
        <line num="232" type="stmt" count="0"/>
        <line num="233" type="stmt" count="0"/>
        <line num="235" type="stmt" count="0"/>
        <line num="236" type="stmt" count="0"/>
        <line num="237" type="stmt" count="0"/>
        <line num="242" type="stmt" count="0"/>
        <line num="251" type="method" name="recoverOne" visibility="public" complexity="2" crap="2.02" count="1"/>
        <line num="253" type="stmt" count="1"/>
        <line num="255" type="stmt" count="1"/>
        <line num="257" type="stmt" count="1"/>
        <line num="258" type="stmt" count="0"/>
        <line num="260" type="stmt" count="1"/>
        <line num="261" type="stmt" count="1"/>
        <line num="270" type="method" name="emptyOne" visibility="public" complexity="2" crap="2.02" count="1"/>
        <line num="272" type="stmt" count="1"/>
        <line num="274" type="stmt" count="1"/>
        <line num="276" type="stmt" count="1"/>
        <line num="277" type="stmt" count="0"/>
        <line num="279" type="stmt" count="1"/>
        <line num="280" type="stmt" count="1"/>
        <line num="290" type="method" name="search" visibility="public" complexity="3" crap="3.33" count="1"/>
        <line num="292" type="stmt" count="1"/>
        <line num="294" type="stmt" count="1"/>
        <line num="296" type="stmt" count="1"/>
        <line num="297" type="stmt" count="1"/>
        <line num="298" type="stmt" count="1"/>
        <line num="299" type="stmt" count="1"/>
        <line num="301" type="stmt" count="1"/>
        <line num="302" type="stmt" count="0"/>
        <line num="303" type="stmt" count="0"/>
        <line num="304" type="stmt" count="0"/>
        <line num="305" type="stmt" count="0"/>
        <line num="308" type="stmt" count="1"/>
        <line num="310" type="stmt" count="1"/>
        <line num="311" type="stmt" count="0"/>
        <line num="313" type="stmt" count="1"/>
        <line num="321" type="method" name="random" visibility="public" complexity="2" crap="2.01" count="1"/>
        <line num="323" type="stmt" count="1"/>
        <line num="324" type="stmt" count="1"/>
        <line num="325" type="stmt" count="1"/>
        <line num="326" type="stmt" count="1"/>
        <line num="327" type="stmt" count="1"/>
        <line num="328" type="stmt" count="1"/>
        <line num="330" type="stmt" count="1"/>
        <line num="331" type="stmt" count="0"/>
        <line num="334" type="stmt" count="1"/>
        <metrics loc="337" ncloc="265" classes="1" methods="12" coveredmethods="1" conditionals="0" coveredconditionals="0" statements="133" coveredstatements="80" elements="145" coveredelements="81"/>
      </file>
      <file name="C:\Users\alexp\source\repos\jokes-api-2025-s2\app\Http\Controllers\Api\v2\ProfileController.php">
        <class name="App\Http\Controllers\Api\v2\ProfileController" namespace="App\Http\Controllers\Api\v2">
          <metrics complexity="8" methods="2" coveredmethods="0" conditionals="0" coveredconditionals="0" statements="51" coveredstatements="44" elements="53" coveredelements="44"/>
        </class>
        <line num="21" type="method" name="update" visibility="public" complexity="4" crap="4" count="2"/>
        <line num="23" type="stmt" count="2"/>
        <line num="26" type="stmt" count="2"/>
        <line num="27" type="stmt" count="0"/>
        <line num="31" type="stmt" count="2"/>
        <line num="32" type="stmt" count="2"/>
        <line num="33" type="stmt" count="2"/>
        <line num="34" type="stmt" count="2"/>
        <line num="36" type="stmt" count="2"/>
        <line num="37" type="stmt" count="1"/>
        <line num="38" type="stmt" count="1"/>
        <line num="39" type="stmt" count="1"/>
        <line num="40" type="stmt" count="1"/>
        <line num="41" type="stmt" count="1"/>
        <line num="44" type="stmt" count="1"/>
        <line num="47" type="stmt" count="1"/>
        <line num="48" type="stmt" count="1"/>
        <line num="52" type="stmt" count="1"/>
        <line num="53" type="stmt" count="1"/>
        <line num="54" type="stmt" count="1"/>
        <line num="55" type="stmt" count="1"/>
        <line num="57" type="stmt" count="1"/>
        <line num="58" type="stmt" count="1"/>
        <line num="59" type="stmt" count="1"/>
        <line num="60" type="stmt" count="1"/>
        <line num="61" type="stmt" count="1"/>
        <line num="70" type="method" name="destroy" visibility="public" complexity="4" crap="4.20" count="2"/>
        <line num="72" type="stmt" count="2"/>
        <line num="75" type="stmt" count="2"/>
        <line num="76" type="stmt" count="0"/>
        <line num="80" type="stmt" count="2"/>
        <line num="81" type="stmt" count="2"/>
        <line num="82" type="stmt" count="2"/>
        <line num="84" type="stmt" count="2"/>
        <line num="85" type="stmt" count="0"/>
        <line num="86" type="stmt" count="0"/>
        <line num="87" type="stmt" count="0"/>
        <line num="88" type="stmt" count="0"/>
        <line num="89" type="stmt" count="0"/>
        <line num="92" type="stmt" count="2"/>
        <line num="95" type="stmt" count="2"/>
        <line num="96" type="stmt" count="1"/>
        <line num="97" type="stmt" count="1"/>
        <line num="98" type="stmt" count="1"/>
        <line num="99" type="stmt" count="1"/>
        <line num="100" type="stmt" count="1"/>
        <line num="104" type="stmt" count="1"/>
        <line num="107" type="stmt" count="1"/>
        <line num="109" type="stmt" count="1"/>
        <line num="110" type="stmt" count="1"/>
        <line num="111" type="stmt" count="1"/>
        <line num="112" type="stmt" count="1"/>
        <line num="113" type="stmt" count="1"/>
        <metrics loc="116" ncloc="95" classes="1" methods="2" coveredmethods="0" conditionals="0" coveredconditionals="0" statements="51" coveredstatements="44" elements="53" coveredelements="44"/>
      </file>
      <file name="C:\Users\alexp\source\repos\jokes-api-2025-s2\app\Http\Controllers\Api\v2\UserController.php">
        <class name="App\Http\Controllers\Api\v2\UserController" namespace="App\Http\Controllers\Api\v2">
          <metrics complexity="26" methods="12" coveredmethods="4" conditionals="0" coveredconditionals="0" statements="104" coveredstatements="82" elements="116" coveredelements="86"/>
        </class>
        <line num="22" type="method" name="index" visibility="public" complexity="1" crap="1" count="2"/>
        <line num="24" type="stmt" count="2"/>
        <line num="26" type="stmt" count="1"/>
        <line num="27" type="stmt" count="1"/>
        <line num="28" type="stmt" count="1"/>
        <line num="30" type="stmt" count="1"/>
        <line num="39" type="method" name="show" visibility="public" complexity="2" crap="2" count="2"/>
        <line num="41" type="stmt" count="2"/>
        <line num="43" type="stmt" count="2"/>
        <line num="44" type="stmt" count="1"/>
        <line num="47" type="stmt" count="1"/>
        <line num="49" type="stmt" count="1"/>
        <line num="58" type="method" name="store" visibility="public" complexity="1" crap="1" count="4"/>
        <line num="61" type="stmt" count="4"/>
        <line num="62" type="stmt" count="4"/>
        <line num="63" type="stmt" count="4"/>
        <line num="64" type="stmt" count="4"/>
        <line num="65" type="stmt" count="4"/>
        <line num="66" type="stmt" count="4"/>
        <line num="67" type="stmt" count="4"/>
        <line num="70" type="stmt" count="3"/>
        <line num="73" type="stmt" count="2"/>
        <line num="74" type="stmt" count="2"/>
        <line num="75" type="stmt" count="2"/>
        <line num="76" type="stmt" count="2"/>
        <line num="77" type="stmt" count="2"/>
        <line num="80" type="stmt" count="2"/>
        <line num="83" type="stmt" count="2"/>
        <line num="87" type="stmt" count="2"/>
        <line num="89" type="stmt" count="2"/>
        <line num="99" type="method" name="update" visibility="public" complexity="2" crap="2.00" count="3"/>
        <line num="101" type="stmt" count="3"/>
        <line num="103" type="stmt" count="3"/>
        <line num="104" type="stmt" count="0"/>
        <line num="107" type="stmt" count="3"/>
        <line num="110" type="stmt" count="2"/>
        <line num="111" type="stmt" count="2"/>
        <line num="112" type="stmt" count="2"/>
        <line num="113" type="stmt" count="2"/>
        <line num="114" type="stmt" count="2"/>
        <line num="117" type="stmt" count="2"/>
        <line num="120" type="stmt" count="2"/>
        <line num="122" type="stmt" count="2"/>
        <line num="131" type="method" name="destroy" visibility="public" complexity="2" crap="2.02" count="2"/>
        <line num="133" type="stmt" count="2"/>
        <line num="135" type="stmt" count="2"/>
        <line num="136" type="stmt" count="0"/>
        <line num="139" type="stmt" count="2"/>
        <line num="142" type="stmt" count="1"/>
        <line num="144" type="stmt" count="1"/>
        <line num="153" type="method" name="search" visibility="public" complexity="2" crap="2" count="2"/>
        <line num="155" type="stmt" count="2"/>
        <line num="158" type="stmt" count="2"/>
        <line num="159" type="stmt" count="2"/>
        <line num="160" type="stmt" count="2"/>
        <line num="161" type="stmt" count="2"/>
        <line num="162" type="stmt" count="2"/>
        <line num="163" type="stmt" count="2"/>
        <line num="164" type="stmt" count="2"/>
        <line num="166" type="stmt" count="2"/>
        <line num="167" type="stmt" count="1"/>
        <line num="170" type="stmt" count="1"/>
        <line num="181" type="method" name="assignRole" visibility="public" complexity="2" crap="2.00" count="2"/>
        <line num="183" type="stmt" count="2"/>
        <line num="185" type="stmt" count="2"/>
        <line num="186" type="stmt" count="0"/>
        <line num="190" type="stmt" count="2"/>
        <line num="191" type="stmt" count="2"/>
        <line num="192" type="stmt" count="2"/>
        <line num="193" type="stmt" count="2"/>
        <line num="196" type="stmt" count="2"/>
        <line num="199" type="stmt" count="1"/>
        <line num="202" type="stmt" count="1"/>
        <line num="204" type="stmt" count="1"/>
        <line num="212" type="method" name="trash" visibility="public" complexity="2" crap="2.01" count="1"/>
        <line num="214" type="stmt" count="1"/>
        <line num="216" type="stmt" count="1"/>
        <line num="217" type="stmt" count="1"/>
        <line num="218" type="stmt" count="1"/>
        <line num="219" type="stmt" count="1"/>
        <line num="221" type="stmt" count="1"/>
        <line num="222" type="stmt" count="0"/>
        <line num="225" type="stmt" count="1"/>
        <line num="234" type="method" name="restoreOne" visibility="public" complexity="2" crap="2.01" count="1"/>
        <line num="236" type="stmt" count="1"/>
        <line num="238" type="stmt" count="1"/>
        <line num="239" type="stmt" count="0"/>
        <line num="242" type="stmt" count="1"/>
        <line num="245" type="stmt" count="1"/>
        <line num="248" type="stmt" count="1"/>
        <line num="250" type="stmt" count="1"/>
        <line num="258" type="method" name="restoreAll" visibility="public" complexity="4" crap="20" count="0"/>
        <line num="260" type="stmt" count="0"/>
        <line num="262" type="stmt" count="0"/>
        <line num="264" type="stmt" count="0"/>
        <line num="265" type="stmt" count="0"/>
        <line num="268" type="stmt" count="0"/>
        <line num="270" type="stmt" count="0"/>
        <line num="271" type="stmt" count="0"/>
        <line num="275" type="stmt" count="0"/>
        <line num="284" type="method" name="emptyOne" visibility="public" complexity="2" crap="2.02" count="1"/>
        <line num="286" type="stmt" count="1"/>
        <line num="288" type="stmt" count="1"/>
        <line num="289" type="stmt" count="0"/>
        <line num="292" type="stmt" count="1"/>
        <line num="295" type="stmt" count="1"/>
        <line num="297" type="stmt" count="1"/>
        <line num="305" type="method" name="emptyAll" visibility="public" complexity="4" crap="20" count="0"/>
        <line num="307" type="stmt" count="0"/>
        <line num="309" type="stmt" count="0"/>
        <line num="311" type="stmt" count="0"/>
        <line num="312" type="stmt" count="0"/>
        <line num="315" type="stmt" count="0"/>
        <line num="317" type="stmt" count="0"/>
        <line num="318" type="stmt" count="0"/>
        <line num="322" type="stmt" count="0"/>
        <metrics loc="325" ncloc="234" classes="1" methods="12" coveredmethods="4" conditionals="0" coveredconditionals="0" statements="104" coveredstatements="82" elements="116" coveredelements="86"/>
      </file>
      <file name="C:\Users\alexp\source\repos\jokes-api-2025-s2\app\Http\Controllers\Api\v2\VoteController.php">
        <class name="App\Http\Controllers\Api\v2\VoteController" namespace="App\Http\Controllers\Api\v2">
          <metrics complexity="17" methods="3" coveredmethods="0" conditionals="0" coveredconditionals="0" statements="50" coveredstatements="45" elements="53" coveredelements="45"/>
        </class>
        <line num="25" type="method" name="vote" visibility="public" complexity="7" crap="7" count="5"/>
        <line num="26" type="stmt" count="5"/>
        <line num="28" type="stmt" count="5"/>
        <line num="29" type="stmt" count="5"/>
        <line num="30" type="stmt" count="5"/>
        <line num="32" type="stmt" count="4"/>
        <line num="34" type="stmt" count="4"/>
        <line num="35" type="stmt" count="1"/>
        <line num="38" type="stmt" count="3"/>
        <line num="39" type="stmt" count="3"/>
        <line num="40" type="stmt" count="3"/>
        <line num="42" type="stmt" count="3"/>
        <line num="43" type="stmt" count="1"/>
        <line num="44" type="stmt" count="0"/>
        <line num="46" type="stmt" count="1"/>
        <line num="47" type="stmt" count="1"/>
        <line num="48" type="stmt" count="1"/>
        <line num="51" type="stmt" count="2"/>
        <line num="52" type="stmt" count="1"/>
        <line num="53" type="stmt" count="1"/>
        <line num="54" type="stmt" count="1"/>
        <line num="57" type="stmt" count="1"/>
        <line num="58" type="stmt" count="1"/>
        <line num="60" type="stmt" count="1"/>
        <line num="61" type="stmt" count="1"/>
        <line num="62" type="stmt" count="1"/>
        <line num="63" type="stmt" count="1"/>
        <line num="64" type="stmt" count="1"/>
        <line num="66" type="stmt" count="1"/>
        <line num="67" type="stmt" count="1"/>
        <line num="77" type="method" name="clearUserVotes" visibility="public" complexity="7" crap="7.48" count="1"/>
        <line num="78" type="stmt" count="1"/>
        <line num="80" type="stmt" count="1"/>
        <line num="81" type="stmt" count="0"/>
        <line num="84" type="stmt" count="1"/>
        <line num="86" type="stmt" count="1"/>
        <line num="88" type="stmt" count="1"/>
        <line num="89" type="stmt" count="1"/>
        <line num="90" type="stmt" count="0"/>
        <line num="94" type="stmt" count="1"/>
        <line num="95" type="stmt" count="1"/>
        <line num="96" type="stmt" count="0"/>
        <line num="99" type="stmt" count="1"/>
        <line num="100" type="stmt" count="1"/>
        <line num="103" type="stmt" count="1"/>
        <line num="111" type="method" name="resetAllVotes" visibility="public" complexity="3" crap="3.03" count="1"/>
        <line num="112" type="stmt" count="1"/>
        <line num="114" type="stmt" count="1"/>
        <line num="115" type="stmt" count="1"/>
        <line num="116" type="stmt" count="0"/>
        <line num="119" type="stmt" count="1"/>
        <line num="120" type="stmt" count="1"/>
        <line num="123" type="stmt" count="1"/>
        <metrics loc="125" ncloc="107" classes="1" methods="3" coveredmethods="0" conditionals="0" coveredconditionals="0" statements="50" coveredstatements="45" elements="53" coveredelements="45"/>
      </file>
    </package>
    <package name="App\Http\Requests\Auth">
      <file name="C:\Users\alexp\source\repos\jokes-api-2025-s2\app\Http\Requests\Auth\LoginRequest.php">
        <class name="App\Http\Requests\Auth\LoginRequest" namespace="App\Http\Requests\Auth">
          <metrics complexity="7" methods="5" coveredmethods="4" conditionals="0" coveredconditionals="0" statements="23" coveredstatements="15" elements="28" coveredelements="19"/>
        </class>
        <line num="17" type="method" name="authorize" visibility="public" complexity="1" crap="1" count="2"/>
        <line num="19" type="stmt" count="2"/>
        <line num="27" type="method" name="rules" visibility="public" complexity="1" crap="1" count="2"/>
        <line num="29" type="stmt" count="2"/>
        <line num="30" type="stmt" count="2"/>
        <line num="31" type="stmt" count="2"/>
        <line num="32" type="stmt" count="2"/>
        <line num="40" type="method" name="authenticate" visibility="public" complexity="2" crap="2" count="2"/>
        <line num="42" type="stmt" count="2"/>
        <line num="44" type="stmt" count="2"/>
        <line num="45" type="stmt" count="1"/>
        <line num="47" type="stmt" count="1"/>
        <line num="48" type="stmt" count="1"/>
        <line num="49" type="stmt" count="1"/>
        <line num="52" type="stmt" count="1"/>
        <line num="60" type="method" name="ensureIsNotRateLimited" visibility="public" complexity="2" crap="4.05" count="2"/>
        <line num="62" type="stmt" count="2"/>
        <line num="63" type="stmt" count="2"/>
        <line num="66" type="stmt" count="0"/>
        <line num="68" type="stmt" count="0"/>
        <line num="70" type="stmt" count="0"/>
        <line num="71" type="stmt" count="0"/>
        <line num="72" type="stmt" count="0"/>
        <line num="73" type="stmt" count="0"/>
        <line num="74" type="stmt" count="0"/>
        <line num="75" type="stmt" count="0"/>
        <line num="81" type="method" name="throttleKey" visibility="public" complexity="1" crap="1" count="2"/>
        <line num="83" type="stmt" count="2"/>
        <metrics loc="86" ncloc="65" classes="1" methods="5" coveredmethods="4" conditionals="0" coveredconditionals="0" statements="23" coveredstatements="15" elements="28" coveredelements="19"/>
      </file>
    </package>
    <package name="App\Http\Requests">
      <file name="C:\Users\alexp\source\repos\jokes-api-2025-s2\app\Http\Requests\ProfileUpdateRequest.php">
        <class name="App\Http\Requests\ProfileUpdateRequest" namespace="App\Http\Requests">
          <metrics complexity="1" methods="1" coveredmethods="1" conditionals="0" coveredconditionals="0" statements="11" coveredstatements="11" elements="12" coveredelements="12"/>
        </class>
        <line num="16" type="method" name="rules" visibility="public" complexity="1" crap="1" count="2"/>
        <line num="18" type="stmt" count="2"/>
        <line num="19" type="stmt" count="2"/>
        <line num="20" type="stmt" count="2"/>
        <line num="21" type="stmt" count="2"/>
        <line num="22" type="stmt" count="2"/>
        <line num="23" type="stmt" count="2"/>
        <line num="24" type="stmt" count="2"/>
        <line num="25" type="stmt" count="2"/>
        <line num="26" type="stmt" count="2"/>
        <line num="27" type="stmt" count="2"/>
        <line num="28" type="stmt" count="2"/>
        <metrics loc="31" ncloc="26" classes="1" methods="1" coveredmethods="1" conditionals="0" coveredconditionals="0" statements="11" coveredstatements="11" elements="12" coveredelements="12"/>
      </file>
      <file name="C:\Users\alexp\source\repos\jokes-api-2025-s2\app\Http\Requests\StoreCategoryRequest.php">
        <class name="App\Http\Requests\StoreCategoryRequest" namespace="App\Http\Requests">
          <metrics complexity="2" methods="2" coveredmethods="0" conditionals="0" coveredconditionals="0" statements="4" coveredstatements="0" elements="6" coveredelements="0"/>
        </class>
        <line num="12" type="method" name="authorize" visibility="public" complexity="1" crap="2" count="0"/>
        <line num="14" type="stmt" count="0"/>
        <line num="22" type="method" name="rules" visibility="public" complexity="1" crap="2" count="0"/>
        <line num="24" type="stmt" count="0"/>
        <line num="25" type="stmt" count="0"/>
        <line num="26" type="stmt" count="0"/>
        <metrics loc="29" ncloc="21" classes="1" methods="2" coveredmethods="0" conditionals="0" coveredconditionals="0" statements="4" coveredstatements="0" elements="6" coveredelements="0"/>
      </file>
      <file name="C:\Users\alexp\source\repos\jokes-api-2025-s2\app\Http\Requests\StoreJokeRequest.php">
        <class name="App\Http\Requests\StoreJokeRequest" namespace="App\Http\Requests">
          <metrics complexity="2" methods="2" coveredmethods="0" conditionals="0" coveredconditionals="0" statements="4" coveredstatements="0" elements="6" coveredelements="0"/>
        </class>
        <line num="12" type="method" name="authorize" visibility="public" complexity="1" crap="2" count="0"/>
        <line num="14" type="stmt" count="0"/>
        <line num="22" type="method" name="rules" visibility="public" complexity="1" crap="2" count="0"/>
        <line num="24" type="stmt" count="0"/>
        <line num="25" type="stmt" count="0"/>
        <line num="26" type="stmt" count="0"/>
        <metrics loc="29" ncloc="21" classes="1" methods="2" coveredmethods="0" conditionals="0" coveredconditionals="0" statements="4" coveredstatements="0" elements="6" coveredelements="0"/>
      </file>
      <file name="C:\Users\alexp\source\repos\jokes-api-2025-s2\app\Http\Requests\UpdateCategoryRequest.php">
        <class name="App\Http\Requests\UpdateCategoryRequest" namespace="App\Http\Requests">
          <metrics complexity="2" methods="2" coveredmethods="0" conditionals="0" coveredconditionals="0" statements="4" coveredstatements="0" elements="6" coveredelements="0"/>
        </class>
        <line num="12" type="method" name="authorize" visibility="public" complexity="1" crap="2" count="0"/>
        <line num="14" type="stmt" count="0"/>
        <line num="22" type="method" name="rules" visibility="public" complexity="1" crap="2" count="0"/>
        <line num="24" type="stmt" count="0"/>
        <line num="25" type="stmt" count="0"/>
        <line num="26" type="stmt" count="0"/>
        <metrics loc="29" ncloc="21" classes="1" methods="2" coveredmethods="0" conditionals="0" coveredconditionals="0" statements="4" coveredstatements="0" elements="6" coveredelements="0"/>
      </file>
      <file name="C:\Users\alexp\source\repos\jokes-api-2025-s2\app\Http\Requests\UpdateJokeRequest.php">
        <class name="App\Http\Requests\UpdateJokeRequest" namespace="App\Http\Requests">
          <metrics complexity="2" methods="2" coveredmethods="0" conditionals="0" coveredconditionals="0" statements="4" coveredstatements="0" elements="6" coveredelements="0"/>
        </class>
        <line num="12" type="method" name="authorize" visibility="public" complexity="1" crap="2" count="0"/>
        <line num="14" type="stmt" count="0"/>
        <line num="22" type="method" name="rules" visibility="public" complexity="1" crap="2" count="0"/>
        <line num="24" type="stmt" count="0"/>
        <line num="25" type="stmt" count="0"/>
        <line num="26" type="stmt" count="0"/>
        <metrics loc="29" ncloc="21" classes="1" methods="2" coveredmethods="0" conditionals="0" coveredconditionals="0" statements="4" coveredstatements="0" elements="6" coveredelements="0"/>
      </file>
    </package>
    <package name="App\Models">
      <file name="C:\Users\alexp\source\repos\jokes-api-2025-s2\app\Models\Category.php">
        <class name="App\Models\Category" namespace="App\Models">
          <metrics complexity="4" methods="4" coveredmethods="1" conditionals="0" coveredconditionals="0" statements="4" coveredstatements="1" elements="8" coveredelements="2"/>
        </class>
        <line num="23" type="method" name="jokes" visibility="public" complexity="1" crap="1" count="1"/>
        <line num="25" type="stmt" count="1"/>
        <line num="32" type="method" name="jokesByTitleDesc" visibility="public" complexity="1" crap="2" count="0"/>
        <line num="34" type="stmt" count="0"/>
        <line num="37" type="method" name="jokesByTitle" visibility="public" complexity="1" crap="2" count="0"/>
        <line num="39" type="stmt" count="0"/>
        <line num="46" type="method" name="jokesByDateAddedDesc" visibility="public" complexity="1" crap="2" count="0"/>
        <line num="48" type="stmt" count="0"/>
        <metrics loc="51" ncloc="42" classes="1" methods="4" coveredmethods="1" conditionals="0" coveredconditionals="0" statements="4" coveredstatements="1" elements="8" coveredelements="2"/>
      </file>
      <file name="C:\Users\alexp\source\repos\jokes-api-2025-s2\app\Models\Category_Joke.php">
        <class name="App\Models\Category_Joke" namespace="App\Models">
          <metrics complexity="0" methods="0" coveredmethods="0" conditionals="0" coveredconditionals="0" statements="0" coveredstatements="0" elements="0" coveredelements="0"/>
        </class>
        <metrics loc="11" ncloc="10" classes="0" methods="0" coveredmethods="0" conditionals="0" coveredconditionals="0" statements="0" coveredstatements="0" elements="0" coveredelements="0"/>
      </file>
      <file name="C:\Users\alexp\source\repos\jokes-api-2025-s2\app\Models\Joke.php">
        <class name="App\Models\Joke" namespace="App\Models">
          <metrics complexity="4" methods="4" coveredmethods="2" conditionals="0" coveredconditionals="0" statements="6" coveredstatements="4" elements="10" coveredelements="6"/>
        </class>
        <line num="25" type="method" name="casts" visibility="protected" complexity="1" crap="1" count="30"/>
        <line num="27" type="stmt" count="30"/>
        <line num="28" type="stmt" count="30"/>
        <line num="29" type="stmt" count="30"/>
        <line num="32" type="method" name="user" visibility="public" complexity="1" crap="2" count="0"/>
        <line num="34" type="stmt" count="0"/>
        <line num="37" type="method" name="categories" visibility="public" complexity="1" crap="1" count="4"/>
        <line num="39" type="stmt" count="4"/>
        <line num="45" type="method" name="votes" visibility="public" complexity="1" crap="2" count="0"/>
        <line num="47" type="stmt" count="0"/>
        <metrics loc="50" ncloc="46" classes="1" methods="4" coveredmethods="2" conditionals="0" coveredconditionals="0" statements="6" coveredstatements="4" elements="10" coveredelements="6"/>
      </file>
      <file name="C:\Users\alexp\source\repos\jokes-api-2025-s2\app\Models\User.php">
        <class name="App\Models\User" namespace="App\Models">
          <metrics complexity="4" methods="4" coveredmethods="4" conditionals="0" coveredconditionals="0" statements="11" coveredstatements="11" elements="15" coveredelements="15"/>
        </class>
        <line num="46" type="method" name="casts" visibility="protected" complexity="1" crap="1" count="112"/>
        <line num="48" type="stmt" count="112"/>
        <line num="49" type="stmt" count="112"/>
        <line num="50" type="stmt" count="112"/>
        <line num="51" type="stmt" count="112"/>
        <line num="57" type="method" name="jokes" visibility="public" complexity="1" crap="1" count="6"/>
        <line num="59" type="stmt" count="6"/>
        <line num="65" type="method" name="votes" visibility="public" complexity="1" crap="1" count="6"/>
        <line num="67" type="stmt" count="6"/>
        <line num="75" type="method" name="boot" visibility="protected" complexity="1" crap="1" count="112"/>
        <line num="77" type="stmt" count="112"/>
        <line num="79" type="stmt" count="112"/>
        <line num="83" type="stmt" count="6"/>
        <line num="84" type="stmt" count="6"/>
        <line num="85" type="stmt" count="112"/>
        <metrics loc="88" ncloc="58" classes="1" methods="4" coveredmethods="4" conditionals="0" coveredconditionals="0" statements="11" coveredstatements="11" elements="15" coveredelements="15"/>
      </file>
      <file name="C:\Users\alexp\source\repos\jokes-api-2025-s2\app\Models\Vote.php">
        <class name="App\Models\Vote" namespace="App\Models">
          <metrics complexity="2" methods="2" coveredmethods="0" conditionals="0" coveredconditionals="0" statements="2" coveredstatements="0" elements="4" coveredelements="0"/>
        </class>
        <line num="23" type="method" name="user" visibility="public" complexity="1" crap="2" count="0"/>
        <line num="25" type="stmt" count="0"/>
        <line num="31" type="method" name="joke" visibility="public" complexity="1" crap="2" count="0"/>
        <line num="33" type="stmt" count="0"/>
        <metrics loc="36" ncloc="25" classes="1" methods="2" coveredmethods="0" conditionals="0" coveredconditionals="0" statements="2" coveredstatements="0" elements="4" coveredelements="0"/>
      </file>
    </package>
    <package name="App\Policies">
      <file name="C:\Users\alexp\source\repos\jokes-api-2025-s2\app\Policies\CategoryPolicy.php">
        <class name="App\Policies\CategoryPolicy" namespace="App\Policies">
          <metrics complexity="12" methods="10" coveredmethods="5" conditionals="0" coveredconditionals="0" statements="14" coveredstatements="9" elements="24" coveredelements="14"/>
        </class>
        <line num="13" type="method" name="viewAny" visibility="public" complexity="2" crap="2.15" count="2"/>
        <line num="15" type="stmt" count="2"/>
        <line num="16" type="stmt" count="0"/>
        <line num="19" type="stmt" count="2"/>
        <line num="25" type="method" name="view" visibility="public" complexity="2" crap="2.15" count="2"/>
        <line num="27" type="stmt" count="2"/>
        <line num="28" type="stmt" count="0"/>
        <line num="31" type="stmt" count="2"/>
        <line num="37" type="method" name="create" visibility="public" complexity="1" crap="1" count="3"/>
        <line num="39" type="stmt" count="3"/>
        <line num="45" type="method" name="update" visibility="public" complexity="1" crap="1" count="2"/>
        <line num="47" type="stmt" count="2"/>
        <line num="53" type="method" name="delete" visibility="public" complexity="1" crap="1" count="1"/>
        <line num="55" type="stmt" count="1"/>
        <line num="61" type="method" name="restoreOne" visibility="public" complexity="1" crap="1" count="1"/>
        <line num="63" type="stmt" count="1"/>
        <line num="69" type="method" name="forceDelete" visibility="public" complexity="1" crap="2" count="0"/>
        <line num="71" type="stmt" count="0"/>
        <line num="77" type="method" name="viewTrashed" visibility="public" complexity="1" crap="1" count="1"/>
        <line num="79" type="stmt" count="1"/>
        <line num="82" type="method" name="restoreAll" visibility="public" complexity="1" crap="2" count="0"/>
        <line num="84" type="stmt" count="0"/>
        <line num="87" type="method" name="emptyTrash" visibility="public" complexity="1" crap="2" count="0"/>
        <line num="89" type="stmt" count="0"/>
        <metrics loc="92" ncloc="68" classes="1" methods="10" coveredmethods="5" conditionals="0" coveredconditionals="0" statements="14" coveredstatements="9" elements="24" coveredelements="14"/>
      </file>
      <file name="C:\Users\alexp\source\repos\jokes-api-2025-s2\app\Policies\JokePolicy.php">
        <class name="App\Policies\JokePolicy" namespace="App\Policies">
          <metrics complexity="20" methods="10" coveredmethods="4" conditionals="0" coveredconditionals="0" statements="26" coveredstatements="19" elements="36" coveredelements="23"/>
        </class>
        <line num="13" type="method" name="viewAny" visibility="public" complexity="2" crap="2.15" count="2"/>
        <line num="15" type="stmt" count="2"/>
        <line num="16" type="stmt" count="0"/>
        <line num="19" type="stmt" count="2"/>
        <line num="25" type="method" name="view" visibility="public" complexity="2" crap="2.15" count="2"/>
        <line num="27" type="stmt" count="2"/>
        <line num="28" type="stmt" count="0"/>
        <line num="31" type="stmt" count="2"/>
        <line num="37" type="method" name="create" visibility="public" complexity="1" crap="1" count="2"/>
        <line num="39" type="stmt" count="2"/>
        <line num="45" type="method" name="update" visibility="public" complexity="5" crap="5.07" count="3"/>
        <line num="47" type="stmt" count="3"/>
        <line num="48" type="stmt" count="0"/>
        <line num="51" type="stmt" count="3"/>
        <line num="52" type="stmt" count="1"/>
        <line num="55" type="stmt" count="2"/>
        <line num="56" type="stmt" count="1"/>
        <line num="59" type="stmt" count="1"/>
        <line num="65" type="method" name="delete" visibility="public" complexity="5" crap="5.58" count="2"/>
        <line num="67" type="stmt" count="2"/>
        <line num="68" type="stmt" count="0"/>
        <line num="71" type="stmt" count="2"/>
        <line num="72" type="stmt" count="1"/>
        <line num="75" type="stmt" count="1"/>
        <line num="76" type="stmt" count="1"/>
        <line num="79" type="stmt" count="0"/>
        <line num="85" type="method" name="restoreOne" visibility="public" complexity="1" crap="1" count="1"/>
        <line num="87" type="stmt" count="1"/>
        <line num="93" type="method" name="forceDelete" visibility="public" complexity="1" crap="1" count="1"/>
        <line num="95" type="stmt" count="1"/>
        <line num="101" type="method" name="viewTrashed" visibility="public" complexity="1" crap="1" count="1"/>
        <line num="103" type="stmt" count="1"/>
        <line num="106" type="method" name="restoreAll" visibility="public" complexity="1" crap="2" count="0"/>
        <line num="108" type="stmt" count="0"/>
        <line num="111" type="method" name="emptyTrash" visibility="public" complexity="1" crap="2" count="0"/>
        <line num="113" type="stmt" count="0"/>
        <metrics loc="116" ncloc="92" classes="1" methods="10" coveredmethods="4" conditionals="0" coveredconditionals="0" statements="26" coveredstatements="19" elements="36" coveredelements="23"/>
      </file>
      <file name="C:\Users\alexp\source\repos\jokes-api-2025-s2\app\Policies\UserPolicy.php">
        <class name="App\Policies\UserPolicy" namespace="App\Policies">
          <metrics complexity="58" methods="13" coveredmethods="1" conditionals="0" coveredconditionals="0" statements="88" coveredstatements="50" elements="101" coveredelements="51"/>
        </class>
        <line num="12" type="method" name="viewAny" visibility="public" complexity="2" crap="2.15" count="2"/>
        <line num="14" type="stmt" count="2"/>
        <line num="15" type="stmt" count="0"/>
        <line num="18" type="stmt" count="2"/>
        <line num="24" type="method" name="view" visibility="public" complexity="3" crap="3.58" count="1"/>
        <line num="26" type="stmt" count="1"/>
        <line num="27" type="stmt" count="0"/>
        <line num="30" type="stmt" count="1"/>
        <line num="31" type="stmt" count="0"/>
        <line num="34" type="stmt" count="1"/>
        <line num="40" type="method" name="create" visibility="public" complexity="4" crap="20" count="0"/>
        <line num="42" type="stmt" count="0"/>
        <line num="43" type="stmt" count="0"/>
        <line num="47" type="stmt" count="0"/>
        <line num="48" type="stmt" count="0"/>
        <line num="49" type="stmt" count="0"/>
        <line num="56" type="method" name="createWithRole" visibility="public" complexity="5" crap="7.19" count="3"/>
        <line num="58" type="stmt" count="3"/>
        <line num="59" type="stmt" count="0"/>
        <line num="63" type="stmt" count="3"/>
        <line num="64" type="stmt" count="1"/>
        <line num="67" type="stmt" count="2"/>
        <line num="68" type="stmt" count="2"/>
        <line num="71" type="stmt" count="0"/>
        <line num="72" type="stmt" count="0"/>
        <line num="76" type="stmt" count="0"/>
        <line num="82" type="method" name="update" visibility="public" complexity="11" crap="14.52" count="3"/>
        <line num="84" type="stmt" count="3"/>
        <line num="85" type="stmt" count="0"/>
        <line num="89" type="stmt" count="3"/>
        <line num="90" type="stmt" count="0"/>
        <line num="94" type="stmt" count="3"/>
        <line num="96" type="stmt" count="1"/>
        <line num="97" type="stmt" count="0"/>
        <line num="99" type="stmt" count="1"/>
        <line num="103" type="stmt" count="2"/>
        <line num="104" type="stmt" count="0"/>
        <line num="108" type="stmt" count="2"/>
        <line num="109" type="stmt" count="1"/>
        <line num="112" type="stmt" count="1"/>
        <line num="118" type="method" name="delete" visibility="public" complexity="9" crap="12.89" count="2"/>
        <line num="120" type="stmt" count="2"/>
        <line num="121" type="stmt" count="0"/>
        <line num="125" type="stmt" count="2"/>
        <line num="126" type="stmt" count="0"/>
        <line num="130" type="stmt" count="2"/>
        <line num="132" type="stmt" count="0"/>
        <line num="136" type="stmt" count="2"/>
        <line num="137" type="stmt" count="0"/>
        <line num="141" type="stmt" count="2"/>
        <line num="142" type="stmt" count="1"/>
        <line num="145" type="stmt" count="1"/>
        <line num="151" type="method" name="restore" visibility="public" complexity="8" crap="14.01" count="1"/>
        <line num="153" type="stmt" count="1"/>
        <line num="154" type="stmt" count="0"/>
        <line num="157" type="stmt" count="1"/>
        <line num="158" type="stmt" count="0"/>
        <line num="163" type="stmt" count="1"/>
        <line num="164" type="stmt" count="0"/>
        <line num="168" type="stmt" count="1"/>
        <line num="169" type="stmt" count="0"/>
        <line num="173" type="stmt" count="1"/>
        <line num="174" type="stmt" count="1"/>
        <line num="177" type="stmt" count="0"/>
        <line num="183" type="method" name="forceDelete" visibility="public" complexity="3" crap="3.58" count="1"/>
        <line num="185" type="stmt" count="1"/>
        <line num="186" type="stmt" count="0"/>
        <line num="190" type="stmt" count="1"/>
        <line num="191" type="stmt" count="0"/>
        <line num="195" type="stmt" count="1"/>
        <line num="201" type="method" name="search" visibility="public" complexity="2" crap="2.15" count="2"/>
        <line num="203" type="stmt" count="2"/>
        <line num="204" type="stmt" count="0"/>
        <line num="207" type="stmt" count="2"/>
        <line num="213" type="method" name="assignRole" visibility="public" complexity="6" crap="6.56" count="2"/>
        <line num="215" type="stmt" count="2"/>
        <line num="216" type="stmt" count="0"/>
        <line num="220" type="stmt" count="2"/>
        <line num="221" type="stmt" count="1"/>
        <line num="225" type="stmt" count="1"/>
        <line num="226" type="stmt" count="0"/>
        <line num="230" type="stmt" count="1"/>
        <line num="231" type="stmt" count="0"/>
        <line num="236" type="stmt" count="1"/>
        <line num="237" type="stmt" count="1"/>
        <line num="238" type="stmt" count="1"/>
        <line num="239" type="stmt" count="1"/>
        <line num="240" type="stmt" count="1"/>
        <line num="242" type="stmt" count="1"/>
        <line num="243" type="stmt" count="0"/>
        <line num="246" type="stmt" count="1"/>
        <line num="252" type="method" name="viewTrashed" visibility="public" complexity="1" crap="1" count="1"/>
        <line num="254" type="stmt" count="1"/>
        <line num="260" type="method" name="restoreAll" visibility="public" complexity="2" crap="6" count="0"/>
        <line num="262" type="stmt" count="0"/>
        <line num="263" type="stmt" count="0"/>
        <line num="266" type="stmt" count="0"/>
        <line num="272" type="method" name="emptyTrash" visibility="public" complexity="2" crap="6" count="0"/>
        <line num="274" type="stmt" count="0"/>
        <line num="275" type="stmt" count="0"/>
        <line num="279" type="stmt" count="0"/>
        <metrics loc="281" ncloc="216" classes="1" methods="13" coveredmethods="1" conditionals="0" coveredconditionals="0" statements="88" coveredstatements="50" elements="101" coveredelements="51"/>
      </file>
      <file name="C:\Users\alexp\source\repos\jokes-api-2025-s2\app\Policies\VotePolicy.php">
        <class name="App\Policies\VotePolicy" namespace="App\Policies">
          <metrics complexity="10" methods="5" coveredmethods="2" conditionals="0" coveredconditionals="0" statements="15" coveredstatements="10" elements="20" coveredelements="12"/>
        </class>
        <line num="13" type="method" name="create" visibility="public" complexity="2" crap="2.15" count="1"/>
        <line num="14" type="stmt" count="1"/>
        <line num="15" type="stmt" count="0"/>
        <line num="18" type="stmt" count="1"/>
        <line num="21" type="method" name="update" visibility="public" complexity="3" crap="3.58" count="1"/>
        <line num="22" type="stmt" count="1"/>
        <line num="23" type="stmt" count="0"/>
        <line num="26" type="stmt" count="1"/>
        <line num="27" type="stmt" count="0"/>
        <line num="30" type="stmt" count="1"/>
        <line num="33" type="method" name="delete" visibility="public" complexity="3" crap="3.58" count="1"/>
        <line num="34" type="stmt" count="1"/>
        <line num="35" type="stmt" count="0"/>
        <line num="38" type="stmt" count="1"/>
        <line num="39" type="stmt" count="0"/>
        <line num="42" type="stmt" count="1"/>
        <line num="45" type="method" name="clearUser" visibility="public" complexity="1" crap="1" count="1"/>
        <line num="46" type="stmt" count="1"/>
        <line num="49" type="method" name="resetAll" visibility="public" complexity="1" crap="1" count="1"/>
        <line num="50" type="stmt" count="1"/>
        <metrics loc="52" ncloc="49" classes="1" methods="5" coveredmethods="2" conditionals="0" coveredconditionals="0" statements="15" coveredstatements="10" elements="20" coveredelements="12"/>
      </file>
    </package>
    <package name="App\Responses">
      <file name="C:\Users\alexp\source\repos\jokes-api-2025-s2\app\Responses\ApiResponse.php">
        <class name="App\Responses\ApiResponse" namespace="App\Responses">
          <metrics complexity="5" methods="5" coveredmethods="3" conditionals="0" coveredconditionals="0" statements="14" coveredstatements="8" elements="19" coveredelements="11"/>
        </class>
        <line num="11" type="method" name="rollback" visibility="public" complexity="1" crap="2" count="0"/>
        <line num="17" type="stmt" count="0"/>
        <line num="18" type="stmt" count="0"/>
        <line num="21" type="method" name="throw" visibility="public" complexity="1" crap="2" count="0"/>
        <line num="26" type="stmt" count="0"/>
        <line num="27" type="stmt" count="0"/>
        <line num="28" type="stmt" count="0"/>
        <line num="29" type="stmt" count="0"/>
        <line num="32" type="method" name="sendResponse" visibility="public" complexity="1" crap="1" count="71"/>
        <line num="39" type="stmt" count="71"/>
        <line num="40" type="stmt" count="71"/>
        <line num="41" type="stmt" count="71"/>
        <line num="42" type="stmt" count="71"/>
        <line num="43" type="stmt" count="71"/>
        <line num="45" type="stmt" count="71"/>
        <line num="48" type="method" name="success" visibility="public" complexity="1" crap="1" count="50"/>
        <line num="50" type="stmt" count="50"/>
        <line num="53" type="method" name="error" visibility="public" complexity="1" crap="1" count="21"/>
        <line num="55" type="stmt" count="21"/>
        <metrics loc="59" ncloc="59" classes="1" methods="5" coveredmethods="3" conditionals="0" coveredconditionals="0" statements="14" coveredstatements="8" elements="19" coveredelements="11"/>
      </file>
    </package>
    <metrics files="22" loc="2622" ncloc="2063" classes="21" methods="121" coveredmethods="42" conditionals="0" coveredconditionals="0" statements="857" coveredstatements="604" elements="978" coveredelements="646"/>
  </project>
</coverage>
